[debug] [2026-03-18T04:55:58.986Z] ----------------------------------------------------------------------
[debug] [2026-03-18T04:55:58.995Z] Command:       /opt/homebrew/Cellar/node/25.1.0_1/bin/node /opt/homebrew/bin/firebase deploy --only functions --project flowpulse-698a3
[debug] [2026-03-18T04:55:58.996Z] CLI Version:   15.10.1
[debug] [2026-03-18T04:55:58.996Z] Platform:      darwin
[debug] [2026-03-18T04:55:58.996Z] Node Version:  v25.1.0
[debug] [2026-03-18T04:55:58.996Z] Time:          Wed Mar 18 2026 10:25:58 GMT+0530 (India Standard Time)
[debug] [2026-03-18T04:55:58.996Z] ----------------------------------------------------------------------
[debug] 
[debug] [2026-03-18T04:56:00.165Z] > command requires scopes: ["email","openid","https://www.googleapis.com/auth/cloudplatformprojects.readonly","https://www.googleapis.com/auth/firebase","https://www.googleapis.com/auth/cloud-platform"]
[debug] [2026-03-18T04:56:00.165Z] > authorizing via signed-in user (flowpulsehealth@gmail.com)
[debug] [2026-03-18T04:56:00.165Z] [iam] checking project flowpulse-698a3 for permissions ["cloudfunctions.functions.create","cloudfunctions.functions.delete","cloudfunctions.functions.get","cloudfunctions.functions.list","cloudfunctions.functions.update","cloudfunctions.operations.get","firebase.projects.get"]
[debug] [2026-03-18T04:56:00.166Z] Checked if tokens are valid: true, expires at: 1773813027165
[debug] [2026-03-18T04:56:00.166Z] Checked if tokens are valid: true, expires at: 1773813027165
[debug] [2026-03-18T04:56:00.167Z] >>> [apiv2][query] POST https://cloudresourcemanager.googleapis.com/v1/projects/flowpulse-698a3:testIamPermissions [none]
[debug] [2026-03-18T04:56:00.167Z] >>> [apiv2][(partial)header] POST https://cloudresourcemanager.googleapis.com/v1/projects/flowpulse-698a3:testIamPermissions  x-goog-user-project=flowpulse-698a3
[debug] [2026-03-18T04:56:00.167Z] >>> [apiv2][body] POST https://cloudresourcemanager.googleapis.com/v1/projects/flowpulse-698a3:testIamPermissions {"permissions":["cloudfunctions.functions.create","cloudfunctions.functions.delete","cloudfunctions.functions.get","cloudfunctions.functions.list","cloudfunctions.functions.update","cloudfunctions.operations.get","firebase.projects.get"]}
[debug] [2026-03-18T04:56:01.812Z] <<< [apiv2][status] POST https://cloudresourcemanager.googleapis.com/v1/projects/flowpulse-698a3:testIamPermissions 200
[debug] [2026-03-18T04:56:01.812Z] <<< [apiv2][body] POST https://cloudresourcemanager.googleapis.com/v1/projects/flowpulse-698a3:testIamPermissions {"permissions":["cloudfunctions.functions.create","cloudfunctions.functions.delete","cloudfunctions.functions.get","cloudfunctions.functions.list","cloudfunctions.functions.update","cloudfunctions.operations.get","firebase.projects.get"]}
[debug] [2026-03-18T04:56:01.813Z] Checked if tokens are valid: true, expires at: 1773813027165
[debug] [2026-03-18T04:56:01.813Z] Checked if tokens are valid: true, expires at: 1773813027165
[debug] [2026-03-18T04:56:01.813Z] >>> [apiv2][query] POST https://iam.googleapis.com/v1/projects/flowpulse-698a3/serviceAccounts/flowpulse-698a3@appspot.gserviceaccount.com:testIamPermissions [none]
[debug] [2026-03-18T04:56:01.813Z] >>> [apiv2][body] POST https://iam.googleapis.com/v1/projects/flowpulse-698a3/serviceAccounts/flowpulse-698a3@appspot.gserviceaccount.com:testIamPermissions {"permissions":["iam.serviceAccounts.actAs"]}
[debug] [2026-03-18T04:56:03.575Z] <<< [apiv2][status] POST https://iam.googleapis.com/v1/projects/flowpulse-698a3/serviceAccounts/flowpulse-698a3@appspot.gserviceaccount.com:testIamPermissions 200
[debug] [2026-03-18T04:56:03.576Z] <<< [apiv2][body] POST https://iam.googleapis.com/v1/projects/flowpulse-698a3/serviceAccounts/flowpulse-698a3@appspot.gserviceaccount.com:testIamPermissions {"permissions":["iam.serviceAccounts.actAs"]}
[info] 
[info] === Deploying to 'flowpulse-698a3'...
[info] 
[info] i  deploying functions 
[info] Running command: npm --prefix "$RESOURCE_DIR" run build
[info] ✔  functions: Finished running predeploy script. 
[debug] [2026-03-18T04:56:05.575Z] Checked if tokens are valid: true, expires at: 1773813027165
[debug] [2026-03-18T04:56:05.575Z] Checked if tokens are valid: true, expires at: 1773813027165
[debug] [2026-03-18T04:56:05.575Z] >>> [apiv2][query] GET https://cloudresourcemanager.googleapis.com/v1/projects/flowpulse-698a3 [none]
[debug] [2026-03-18T04:56:05.934Z] <<< [apiv2][status] GET https://cloudresourcemanager.googleapis.com/v1/projects/flowpulse-698a3 200
[debug] [2026-03-18T04:56:05.934Z] <<< [apiv2][body] GET https://cloudresourcemanager.googleapis.com/v1/projects/flowpulse-698a3 {"projectNumber":"641591502705","projectId":"flowpulse-698a3","lifecycleState":"ACTIVE","name":"Flowpulse","labels":{"firebase":"enabled","firebase-core":"disabled"},"createTime":"2026-03-17T06:17:41.027622Z"}
[info] i  functions: preparing codebase default for deployment 
[info] i  functions: ensuring required API cloudfunctions.googleapis.com is enabled... 
[info] i  functions: ensuring required API cloudbuild.googleapis.com is enabled... 
[info] i  artifactregistry: ensuring required API artifactregistry.googleapis.com is enabled... 
[debug] [2026-03-18T04:56:05.936Z] Checked if tokens are valid: true, expires at: 1773813027165
[debug] [2026-03-18T04:56:05.936Z] Checked if tokens are valid: true, expires at: 1773813027165
[debug] [2026-03-18T04:56:05.936Z] >>> [apiv2][query] GET https://firebase.googleapis.com/v1beta1/projects/flowpulse-698a3/adminSdkConfig [none]
[debug] [2026-03-18T04:56:06.769Z] <<< [apiv2][status] GET https://firebase.googleapis.com/v1beta1/projects/flowpulse-698a3/adminSdkConfig 200
[debug] [2026-03-18T04:56:06.770Z] <<< [apiv2][body] GET https://firebase.googleapis.com/v1beta1/projects/flowpulse-698a3/adminSdkConfig {"projectId":"flowpulse-698a3","storageBucket":"flowpulse-698a3.firebasestorage.app"}
[debug] [2026-03-18T04:56:06.770Z] Checked if tokens are valid: true, expires at: 1773813027165
[debug] [2026-03-18T04:56:06.770Z] Checked if tokens are valid: true, expires at: 1773813027165
[debug] [2026-03-18T04:56:06.770Z] >>> [apiv2][query] GET https://runtimeconfig.googleapis.com/v1beta1/projects/flowpulse-698a3/configs [none]
[debug] [2026-03-18T04:56:07.643Z] <<< [apiv2][status] GET https://runtimeconfig.googleapis.com/v1beta1/projects/flowpulse-698a3/configs 200
[debug] [2026-03-18T04:56:07.643Z] <<< [apiv2][body] GET https://runtimeconfig.googleapis.com/v1beta1/projects/flowpulse-698a3/configs {}
[debug] [2026-03-18T04:56:07.645Z] Validating nodejs source
[warn] ⚠  functions: Runtime Node.js 20 will be deprecated on 2026-04-30 and will be decommissioned on 2026-10-30, after which you will not be able to deploy without upgrading. Consider upgrading now to avoid disruption. See https://cloud.google.com/functions/docs/runtime-support for full details on the lifecycle policy 
[warn] ⚠  functions: package.json indicates an outdated version of firebase-functions. Please upgrade using npm install --save firebase-functions@latest in your functions directory. 
[warn] ⚠  functions: Please note that there will be breaking changes when you upgrade. 
[debug] [2026-03-18T04:56:08.460Z] > [functions] package.json contents: {
  "name": "flowpulse-functions",
  "private": true,
  "main": "lib/index.js",
  "scripts": {
    "build": "tsc",
    "serve": "npm run build && firebase emulators:start --only functions",
    "shell": "npm run build && firebase functions:shell",
    "deploy": "firebase deploy --only functions"
  },
  "engines": {
    "node": "20"
  },
  "dependencies": {
    "@aws-sdk/client-s3": "^3.901.0",
    "@aws-sdk/s3-request-presigner": "^3.901.0",
    "firebase-admin": "^12.0.0",
    "firebase-functions": "^5.0.0"
  },
  "devDependencies": {
    "typescript": "^5.4.0"
  }
}
[debug] [2026-03-18T04:56:08.460Z] Building nodejs source
[info] i  functions: Loading and analyzing source code for codebase default to determine what to deploy 
[debug] [2026-03-18T04:56:08.461Z] Could not find functions.yaml. Must use http discovery
[debug] [2026-03-18T04:56:08.468Z] Found firebase-functions binary at '/Users/havocerebus/Documents/Current_Project_Working/FlowPulse/functions/node_modules/.bin/firebase-functions'
[info] Serving at port 8193

[debug] [2026-03-18T04:56:09.023Z] Got response from /__/functions.yaml {"endpoints":{"dailyAggregation":{"platform":"gcfv1","availableMemoryMb":null,"timeoutSeconds":null,"minInstances":null,"maxInstances":null,"ingressSettings":null,"serviceAccountEmail":null,"vpc":null,"scheduleTrigger":{"schedule":"0 3 * * *","retryConfig":{"retryCount":null,"maxDoublings":null,"maxRetryDuration":null,"maxBackoffDuration":null,"minBackoffDuration":null},"timeZone":"UTC"},"labels":{},"entryPoint":"dailyAggregation"},"computeLeaderboard":{"platform":"gcfv1","availableMemoryMb":null,"timeoutSeconds":null,"minInstances":null,"maxInstances":null,"ingressSettings":null,"serviceAccountEmail":null,"vpc":null,"scheduleTrigger":{"schedule":"15 3 * * *","retryConfig":{"retryCount":null,"maxDoublings":null,"maxRetryDuration":null,"maxBackoffDuration":null,"minBackoffDuration":null},"timeZone":"UTC"},"labels":{},"entryPoint":"computeLeaderboard"},"generateNudges":{"platform":"gcfv1","availableMemoryMb":null,"timeoutSeconds":null,"minInstances":null,"maxInstances":null,"ingressSettings":null,"serviceAccountEmail":null,"vpc":null,"eventTrigger":{"eventType":"providers/cloud.firestore/eventTypes/document.create","eventFilters":{"resource":"projects/flowpulse-698a3/databases/(default)/documents/users/{userId}/dailyStats/{dateId}"},"retry":false},"labels":{},"entryPoint":"generateNudges"},"generateHealthAlerts":{"platform":"gcfv1","availableMemoryMb":null,"timeoutSeconds":null,"minInstances":null,"maxInstances":null,"ingressSettings":null,"serviceAccountEmail":null,"vpc":null,"eventTrigger":{"eventType":"providers/cloud.firestore/eventTypes/document.write","eventFilters":{"resource":"projects/flowpulse-698a3/databases/(default)/documents/users/{userId}/combined_analytics/{dateId}"},"retry":false},"labels":{},"entryPoint":"generateHealthAlerts"},"connectGoogleActivity":{"platform":"gcfv1","labels":{},"availableMemoryMb":null,"timeoutSeconds":null,"minInstances":null,"maxInstances":null,"ingressSettings":null,"serviceAccountEmail":null,"vpc":null,"callableTrigger":{},"entryPoint":"connectGoogleActivity"},"googleActivityOAuthCallback":{"platform":"gcfv1","availableMemoryMb":null,"timeoutSeconds":null,"minInstances":null,"maxInstances":null,"ingressSettings":null,"serviceAccountEmail":null,"vpc":null,"httpsTrigger":{},"entryPoint":"googleActivityOAuthCallback"},"syncGoogleActivityData":{"platform":"gcfv1","labels":{},"availableMemoryMb":null,"timeoutSeconds":null,"minInstances":null,"maxInstances":null,"ingressSettings":null,"serviceAccountEmail":null,"vpc":null,"callableTrigger":{},"entryPoint":"syncGoogleActivityData"},"scheduledMobileActivitySync":{"platform":"gcfv1","availableMemoryMb":null,"timeoutSeconds":null,"minInstances":null,"maxInstances":null,"ingressSettings":null,"serviceAccountEmail":null,"vpc":null,"scheduleTrigger":{"schedule":"every 6 hours","retryConfig":{"retryCount":null,"maxDoublings":null,"maxRetryDuration":null,"maxBackoffDuration":null,"minBackoffDuration":null},"timeZone":"UTC"},"labels":{},"entryPoint":"scheduledMobileActivitySync"},"getMobileActivitySummaries":{"platform":"gcfv1","labels":{},"availableMemoryMb":null,"timeoutSeconds":null,"minInstances":null,"maxInstances":null,"ingressSettings":null,"serviceAccountEmail":null,"vpc":null,"callableTrigger":{},"entryPoint":"getMobileActivitySummaries"},"getGoogleActivityConnectionStatus":{"platform":"gcfv1","labels":{},"availableMemoryMb":null,"timeoutSeconds":null,"minInstances":null,"maxInstances":null,"ingressSettings":null,"serviceAccountEmail":null,"vpc":null,"callableTrigger":{},"entryPoint":"getGoogleActivityConnectionStatus"},"disconnectGoogleActivity":{"platform":"gcfv1","labels":{},"availableMemoryMb":null,"timeoutSeconds":null,"minInstances":null,"maxInstances":null,"ingressSettings":null,"serviceAccountEmail":null,"vpc":null,"callableTrigger":{},"entryPoint":"disconnectGoogleActivity"},"createR2UploadUrl":{"platform":"gcfv1","labels":{},"availableMemoryMb":null,"timeoutSeconds":null,"minInstances":null,"maxInstances":null,"ingressSettings":null,"serviceAccountEmail":null,"vpc":null,"callableTrigger":{},"entryPoint":"createR2UploadUrl"}},"specVersion":"v1alpha1","requiredAPIs":[{"api":"cloudscheduler.googleapis.com","reason":"Needed for scheduled functions."}],"extensions":{}}
[info] i  extensions: ensuring required API firebaseextensions.googleapis.com is enabled... 
[debug] [2026-03-18T04:56:13.070Z] > command requires scopes: ["email","openid","https://www.googleapis.com/auth/cloudplatformprojects.readonly","https://www.googleapis.com/auth/firebase","https://www.googleapis.com/auth/cloud-platform"]
[debug] [2026-03-18T04:56:13.071Z] > authorizing via signed-in user (flowpulsehealth@gmail.com)
[debug] [2026-03-18T04:56:13.072Z] [iam] checking project flowpulse-698a3 for permissions ["firebase.projects.get","firebaseextensions.instances.list"]
[debug] [2026-03-18T04:56:13.073Z] Checked if tokens are valid: true, expires at: 1773813027165
[debug] [2026-03-18T04:56:13.073Z] Checked if tokens are valid: true, expires at: 1773813027165
[debug] [2026-03-18T04:56:13.073Z] >>> [apiv2][query] POST https://cloudresourcemanager.googleapis.com/v1/projects/flowpulse-698a3:testIamPermissions [none]
[debug] [2026-03-18T04:56:13.073Z] >>> [apiv2][(partial)header] POST https://cloudresourcemanager.googleapis.com/v1/projects/flowpulse-698a3:testIamPermissions  x-goog-user-project=flowpulse-698a3
[debug] [2026-03-18T04:56:13.073Z] >>> [apiv2][body] POST https://cloudresourcemanager.googleapis.com/v1/projects/flowpulse-698a3:testIamPermissions {"permissions":["firebase.projects.get","firebaseextensions.instances.list"]}
[debug] [2026-03-18T04:56:14.618Z] <<< [apiv2][status] POST https://cloudresourcemanager.googleapis.com/v1/projects/flowpulse-698a3:testIamPermissions 200
[debug] [2026-03-18T04:56:14.619Z] <<< [apiv2][body] POST https://cloudresourcemanager.googleapis.com/v1/projects/flowpulse-698a3:testIamPermissions {"permissions":["firebase.projects.get","firebaseextensions.instances.list"]}
[debug] [2026-03-18T04:56:14.625Z] Checked if tokens are valid: true, expires at: 1773813027165
[debug] [2026-03-18T04:56:14.625Z] Checked if tokens are valid: true, expires at: 1773813027165
[debug] [2026-03-18T04:56:14.626Z] >>> [apiv2][query] GET https://firebaseextensions.googleapis.com/v1beta/projects/flowpulse-698a3/instances pageSize=100&pageToken=
[debug] [2026-03-18T04:56:16.698Z] <<< [apiv2][status] GET https://firebaseextensions.googleapis.com/v1beta/projects/flowpulse-698a3/instances 200
[debug] [2026-03-18T04:56:16.698Z] <<< [apiv2][body] GET https://firebaseextensions.googleapis.com/v1beta/projects/flowpulse-698a3/instances {}
[info] i  functions: preparing functions directory for uploading... 
[info] i  functions: packaged /Users/havocerebus/Documents/Current_Project_Working/FlowPulse/functions (94.44 KB) for uploading 
[debug] [2026-03-18T04:56:16.764Z] Checked if tokens are valid: true, expires at: 1773813027165
[debug] [2026-03-18T04:56:16.764Z] Checked if tokens are valid: true, expires at: 1773813027165
[debug] [2026-03-18T04:56:16.764Z] >>> [apiv2][query] GET https://cloudfunctions.googleapis.com/v1/projects/flowpulse-698a3/locations/-/functions [none]
[debug] [2026-03-18T04:56:17.800Z] <<< [apiv2][status] GET https://cloudfunctions.googleapis.com/v1/projects/flowpulse-698a3/locations/-/functions 200
[debug] [2026-03-18T04:56:17.800Z] <<< [apiv2][body] GET https://cloudfunctions.googleapis.com/v1/projects/flowpulse-698a3/locations/-/functions {"functions":[{"name":"projects/flowpulse-698a3/locations/us-central1/functions/syncGoogleActivityData","httpsTrigger":{"url":"https://us-central1-flowpulse-698a3.cloudfunctions.net/syncGoogleActivityData","securityLevel":"SECURE_ALWAYS"},"status":"OFFLINE","entryPoint":"syncGoogleActivityData","timeout":"60s","availableMemoryMb":256,"serviceAccountEmail":"flowpulse-698a3@appspot.gserviceaccount.com","updateTime":"2026-03-18T04:40:35.171889553Z","versionId":"1","labels":{"deployment-tool":"cli-firebase","deployment-callable":"true","firebase-functions-hash":"f4006abebb6a4f6239446f7877646c734a7a2f68"},"sourceUploadUrl":"https://storage.googleapis.com/uploads-332333750617.us-central1.cloudfunctions.appspot.com/eb4c7359-ab37-41c6-b64a-55747de68a24.zip","environmentVariables":{"FIREBASE_CONFIG":"{\"projectId\":\"flowpulse-698a3\",\"storageBucket\":\"flowpulse-698a3.firebasestorage.app\"}","GCLOUD_PROJECT":"flowpulse-698a3","EVENTARC_CLOUD_EVENT_SOURCE":"projects/flowpulse-698a3/locations/us-central1/functions/syncGoogleActivityData"},"runtime":"nodejs20","ingressSettings":"ALLOW_ALL","buildId":"649f7b3e-c068-45bc-be7f-7a03c513ea0e","buildEnvironmentVariables":{"GOOGLE_NODE_RUN_SCRIPTS":""},"buildName":"projects/641591502705/locations/us-central1/builds/649f7b3e-c068-45bc-be7f-7a03c513ea0e","dockerRegistry":"ARTIFACT_REGISTRY","automaticUpdatePolicy":{},"buildServiceAccount":"projects/flowpulse-698a3/serviceAccounts/641591502705-compute@developer.gserviceaccount.com","satisfiesPzi":true}]}
[debug] [2026-03-18T04:56:17.801Z] Checked if tokens are valid: true, expires at: 1773813027165
[debug] [2026-03-18T04:56:17.801Z] Checked if tokens are valid: true, expires at: 1773813027165
[debug] [2026-03-18T04:56:17.801Z] >>> [apiv2][query] GET https://cloudfunctions.googleapis.com/v2/projects/flowpulse-698a3/locations/-/functions filter=environment%3D%22GEN_2%22
[debug] [2026-03-18T04:56:19.489Z] <<< [apiv2][status] GET https://cloudfunctions.googleapis.com/v2/projects/flowpulse-698a3/locations/-/functions 200
[debug] [2026-03-18T04:56:19.489Z] <<< [apiv2][body] GET https://cloudfunctions.googleapis.com/v2/projects/flowpulse-698a3/locations/-/functions {}
[info] i  functions: ensuring required API cloudscheduler.googleapis.com is enabled... 
[debug] [2026-03-18T04:56:19.496Z] Checked if tokens are valid: true, expires at: 1773813027165
[debug] [2026-03-18T04:56:19.496Z] Checked if tokens are valid: true, expires at: 1773813027165
[debug] [2026-03-18T04:56:19.496Z] >>> [apiv2][query] GET https://cloudresourcemanager.googleapis.com/v1/projects/flowpulse-698a3 [none]
[debug] [2026-03-18T04:56:19.855Z] <<< [apiv2][status] GET https://cloudresourcemanager.googleapis.com/v1/projects/flowpulse-698a3 200
[debug] [2026-03-18T04:56:19.855Z] <<< [apiv2][body] GET https://cloudresourcemanager.googleapis.com/v1/projects/flowpulse-698a3 {"projectNumber":"641591502705","projectId":"flowpulse-698a3","lifecycleState":"ACTIVE","name":"Flowpulse","labels":{"firebase":"enabled","firebase-core":"disabled"},"createTime":"2026-03-17T06:17:41.027622Z"}
[debug] [2026-03-18T04:56:19.857Z] Checked if tokens are valid: true, expires at: 1773813027165
[debug] [2026-03-18T04:56:19.857Z] Checked if tokens are valid: true, expires at: 1773813027165
[debug] [2026-03-18T04:56:19.857Z] >>> [apiv2][query] GET https://cloudbilling.googleapis.com/v1/projects/flowpulse-698a3/billingInfo [none]
[debug] [2026-03-18T04:56:21.461Z] <<< [apiv2][status] GET https://cloudbilling.googleapis.com/v1/projects/flowpulse-698a3/billingInfo 200
[debug] [2026-03-18T04:56:21.461Z] <<< [apiv2][body] GET https://cloudbilling.googleapis.com/v1/projects/flowpulse-698a3/billingInfo {"name":"projects/flowpulse-698a3/billingInfo","projectId":"flowpulse-698a3","billingAccountName":"billingAccounts/015AE1-340CF3-C966D8","billingEnabled":true}
[debug] [2026-03-18T04:56:21.463Z] [functions] found 1 new HTTP functions, testing setIamPolicy permission...
[debug] [2026-03-18T04:56:21.463Z] Checked if tokens are valid: true, expires at: 1773813027165
[debug] [2026-03-18T04:56:21.463Z] Checked if tokens are valid: true, expires at: 1773813027165
[debug] [2026-03-18T04:56:21.463Z] >>> [apiv2][query] POST https://cloudresourcemanager.googleapis.com/v1/projects/flowpulse-698a3:testIamPermissions [none]
[debug] [2026-03-18T04:56:21.463Z] >>> [apiv2][(partial)header] POST https://cloudresourcemanager.googleapis.com/v1/projects/flowpulse-698a3:testIamPermissions  x-goog-user-project=flowpulse-698a3
[debug] [2026-03-18T04:56:21.463Z] >>> [apiv2][body] POST https://cloudresourcemanager.googleapis.com/v1/projects/flowpulse-698a3:testIamPermissions {"permissions":["cloudfunctions.functions.setIamPolicy"]}
[debug] [2026-03-18T04:56:21.798Z] <<< [apiv2][status] POST https://cloudresourcemanager.googleapis.com/v1/projects/flowpulse-698a3:testIamPermissions 200
[debug] [2026-03-18T04:56:21.798Z] <<< [apiv2][body] POST https://cloudresourcemanager.googleapis.com/v1/projects/flowpulse-698a3:testIamPermissions {"permissions":["cloudfunctions.functions.setIamPolicy"]}
[debug] [2026-03-18T04:56:21.798Z] [functions] found setIamPolicy permission, proceeding with deploy
[debug] [2026-03-18T04:56:21.799Z] Checked if tokens are valid: true, expires at: 1773813027165
[debug] [2026-03-18T04:56:21.799Z] Checked if tokens are valid: true, expires at: 1773813027165
[debug] [2026-03-18T04:56:21.800Z] >>> [apiv2][query] POST https://cloudfunctions.googleapis.com/v1/projects/flowpulse-698a3/locations/us-central1/functions:generateUploadUrl [none]
[debug] [2026-03-18T04:56:21.800Z] >>> [apiv2][body] POST https://cloudfunctions.googleapis.com/v1/projects/flowpulse-698a3/locations/us-central1/functions:generateUploadUrl {}
[debug] [2026-03-18T04:56:22.634Z] <<< [apiv2][status] POST https://cloudfunctions.googleapis.com/v1/projects/flowpulse-698a3/locations/us-central1/functions:generateUploadUrl 200
[debug] [2026-03-18T04:56:22.634Z] <<< [apiv2][body] POST https://cloudfunctions.googleapis.com/v1/projects/flowpulse-698a3/locations/us-central1/functions:generateUploadUrl {"uploadUrl":"https://storage.googleapis.com/uploads-332333750617.us-central1.cloudfunctions.appspot.com/b40ccd39-7147-4d14-9424-727b471a629b.zip?GoogleAccessId=service-641591502705@gcf-admin-robot.iam.gserviceaccount.com&Expires=1773811582&Signature=De1PkdugTuV8RDMo%2Bt3ogepFYTThkYIR1fBbIt80i6b7%2BmSMlW5gcmxT5%2B4D%2BeL1wnq4%2FS2RLzcuYlKwfd%2BDXV9S6wA0piuEFi9lMW4D3BE%2BzGsZOZ8rscxmxcn9xxEIy53yzLZ6JE97rkhk6ihuO%2B3zd7GawewXnNNeS3CNO11dg%2BoRFvFNZKY4g26%2FQTvMD6Ib2c1gxdf2U4%2F%2Fp22xDjglLYn76fpD7O%2F%2FEW6S2OK7iggWqc73zl6pPJgXjb3MaqIXTkGrD9aiOShrLqKfvzAEGv2q0RNUgJl2ezW2X7fLAhfoHqVXGBpfYeUlvC7ocZW0c8P3psviqwfHYCnNwA%3D%3D"}
[debug] [2026-03-18T04:56:22.636Z] >>> [apiv2][query] PUT https://storage.googleapis.com/uploads-332333750617.us-central1.cloudfunctions.appspot.com/b40ccd39-7147-4d14-9424-727b471a629b.zip GoogleAccessId=service-641591502705%40gcf-admin-robot.iam.gserviceaccount.com&Expires=1773811582&Signature=De1PkdugTuV8RDMo%2Bt3ogepFYTThkYIR1fBbIt80i6b7%2BmSMlW5gcmxT5%2B4D%2BeL1wnq4%2FS2RLzcuYlKwfd%2BDXV9S6wA0piuEFi9lMW4D3BE%2BzGsZOZ8rscxmxcn9xxEIy53yzLZ6JE97rkhk6ihuO%2B3zd7GawewXnNNeS3CNO11dg%2BoRFvFNZKY4g26%2FQTvMD6Ib2c1gxdf2U4%2F%2Fp22xDjglLYn76fpD7O%2F%2FEW6S2OK7iggWqc73zl6pPJgXjb3MaqIXTkGrD9aiOShrLqKfvzAEGv2q0RNUgJl2ezW2X7fLAhfoHqVXGBpfYeUlvC7ocZW0c8P3psviqwfHYCnNwA%3D%3D
[debug] [2026-03-18T04:56:22.636Z] >>> [apiv2][body] PUT https://storage.googleapis.com/uploads-332333750617.us-central1.cloudfunctions.appspot.com/b40ccd39-7147-4d14-9424-727b471a629b.zip [stream]
[debug] [2026-03-18T04:56:24.098Z] <<< [apiv2][status] PUT https://storage.googleapis.com/uploads-332333750617.us-central1.cloudfunctions.appspot.com/b40ccd39-7147-4d14-9424-727b471a629b.zip 200
[debug] [2026-03-18T04:56:24.098Z] <<< [apiv2][body] PUT https://storage.googleapis.com/uploads-332333750617.us-central1.cloudfunctions.appspot.com/b40ccd39-7147-4d14-9424-727b471a629b.zip [omitted]
[info] ✔  functions: functions source uploaded successfully 
[info] i  functions: creating Node.js 20 (1st Gen) function dailyAggregation(us-central1)... 
[info] i  functions: creating Node.js 20 (1st Gen) function computeLeaderboard(us-central1)... 
[info] i  functions: creating Node.js 20 (1st Gen) function generateNudges(us-central1)... 
[info] i  functions: creating Node.js 20 (1st Gen) function generateHealthAlerts(us-central1)... 
[info] i  functions: creating Node.js 20 (1st Gen) function connectGoogleActivity(us-central1)... 
[info] i  functions: creating Node.js 20 (1st Gen) function googleActivityOAuthCallback(us-central1)... 
[info] i  functions: creating Node.js 20 (1st Gen) function scheduledMobileActivitySync(us-central1)... 
[info] i  functions: creating Node.js 20 (1st Gen) function getMobileActivitySummaries(us-central1)... 
[info] i  functions: creating Node.js 20 (1st Gen) function getGoogleActivityConnectionStatus(us-central1)... 
[info] i  functions: creating Node.js 20 (1st Gen) function disconnectGoogleActivity(us-central1)... 
[info] i  functions: creating Node.js 20 (1st Gen) function createR2UploadUrl(us-central1)... 
[info] i  functions: updating Node.js 20 (1st Gen) function syncGoogleActivityData(us-central1)... 
[debug] [2026-03-18T04:56:24.103Z] Checked if tokens are valid: true, expires at: 1773813027165
[debug] [2026-03-18T04:56:24.103Z] Checked if tokens are valid: true, expires at: 1773813027165
[debug] [2026-03-18T04:56:24.103Z] >>> [apiv2][query] POST https://cloudfunctions.googleapis.com/v1/projects/flowpulse-698a3/locations/us-central1/functions [none]
[debug] [2026-03-18T04:56:24.103Z] >>> [apiv2][body] POST https://cloudfunctions.googleapis.com/v1/projects/flowpulse-698a3/locations/us-central1/functions {"name":"projects/flowpulse-698a3/locations/us-central1/functions/dailyAggregation","sourceUploadUrl":"https://storage.googleapis.com/uploads-332333750617.us-central1.cloudfunctions.appspot.com/b40ccd39-7147-4d14-9424-727b471a629b.zip?GoogleAccessId=service-641591502705@gcf-admin-robot.iam.gserviceaccount.com&Expires=1773811582&Signature=De1PkdugTuV8RDMo%2Bt3ogepFYTThkYIR1fBbIt80i6b7%2BmSMlW5gcmxT5%2B4D%2BeL1wnq4%2FS2RLzcuYlKwfd%2BDXV9S6wA0piuEFi9lMW4D3BE%2BzGsZOZ8rscxmxcn9xxEIy53yzLZ6JE97rkhk6ihuO%2B3zd7GawewXnNNeS3CNO11dg%2BoRFvFNZKY4g26%2FQTvMD6Ib2c1gxdf2U4%2F%2Fp22xDjglLYn76fpD7O%2F%2FEW6S2OK7iggWqc73zl6pPJgXjb3MaqIXTkGrD9aiOShrLqKfvzAEGv2q0RNUgJl2ezW2X7fLAhfoHqVXGBpfYeUlvC7ocZW0c8P3psviqwfHYCnNwA%3D%3D","entryPoint":"dailyAggregation","runtime":"nodejs20","dockerRegistry":"ARTIFACT_REGISTRY","labels":{"deployment-tool":"cli-firebase","deployment-scheduled":"true","firebase-functions-hash":"1e31943fc593bfb804c0037cf4c773d4c40956b0"},"eventTrigger":{"eventType":"google.pubsub.topic.publish","resource":"projects/flowpulse-698a3/topics/firebase-schedule-dailyAggregation-us-central1"},"minInstances":null,"maxInstances":null,"ingressSettings":null,"environmentVariables":{"FIREBASE_CONFIG":"{\"projectId\":\"flowpulse-698a3\",\"storageBucket\":\"flowpulse-698a3.firebasestorage.app\"}","GCLOUD_PROJECT":"flowpulse-698a3","EVENTARC_CLOUD_EVENT_SOURCE":"projects/flowpulse-698a3/locations/us-central1/functions/dailyAggregation"},"serviceAccountEmail":null,"availableMemoryMb":null,"timeout":null,"vpcConnector":null,"vpcConnectorEgressSettings":null,"buildEnvironmentVariables":{"GOOGLE_NODE_RUN_SCRIPTS":""}}
[debug] [2026-03-18T04:56:25.017Z] <<< [apiv2][status] POST https://cloudfunctions.googleapis.com/v1/projects/flowpulse-698a3/locations/us-central1/functions 200
[debug] [2026-03-18T04:56:25.018Z] <<< [apiv2][body] POST https://cloudfunctions.googleapis.com/v1/projects/flowpulse-698a3/locations/us-central1/functions {"name":"operations/cHJvamVjdHMvZmxvd3B1bHNlLTY5OGEzL2xvY2F0aW9ucy91cy1jZW50cmFsMS9vcGVyYXRpb25zL29wZXJhdGlvbi0xNzczODA5Nzg0NDU0LTY0ZDQ1NDYxOWZmMGUtYzY1NzBlMWItYTY5NmEwMjQ","metadata":{"@type":"type.googleapis.com/google.cloud.functions.v1.OperationMetadataV1","target":"projects/flowpulse-698a3/locations/us-central1/functions/dailyAggregation","updateTime":"2026-03-18T04:56:24.859571784Z"}}
[debug] [2026-03-18T04:56:25.019Z] Checked if tokens are valid: true, expires at: 1773813027165
[debug] [2026-03-18T04:56:25.019Z] Checked if tokens are valid: true, expires at: 1773813027165
[debug] [2026-03-18T04:56:25.019Z] >>> [apiv2][query] GET https://cloudfunctions.googleapis.com/v1/operations/cHJvamVjdHMvZmxvd3B1bHNlLTY5OGEzL2xvY2F0aW9ucy91cy1jZW50cmFsMS9vcGVyYXRpb25zL29wZXJhdGlvbi0xNzczODA5Nzg0NDU0LTY0ZDQ1NDYxOWZmMGUtYzY1NzBlMWItYTY5NmEwMjQ [none]
[debug] [2026-03-18T04:56:25.521Z] <<< [apiv2][status] GET https://cloudfunctions.googleapis.com/v1/operations/cHJvamVjdHMvZmxvd3B1bHNlLTY5OGEzL2xvY2F0aW9ucy91cy1jZW50cmFsMS9vcGVyYXRpb25zL29wZXJhdGlvbi0xNzczODA5Nzg0NDU0LTY0ZDQ1NDYxOWZmMGUtYzY1NzBlMWItYTY5NmEwMjQ 200
[debug] [2026-03-18T04:56:25.521Z] <<< [apiv2][body] GET https://cloudfunctions.googleapis.com/v1/operations/cHJvamVjdHMvZmxvd3B1bHNlLTY5OGEzL2xvY2F0aW9ucy91cy1jZW50cmFsMS9vcGVyYXRpb25zL29wZXJhdGlvbi0xNzczODA5Nzg0NDU0LTY0ZDQ1NDYxOWZmMGUtYzY1NzBlMWItYTY5NmEwMjQ {"name":"operations/cHJvamVjdHMvZmxvd3B1bHNlLTY5OGEzL2xvY2F0aW9ucy91cy1jZW50cmFsMS9vcGVyYXRpb25zL29wZXJhdGlvbi0xNzczODA5Nzg0NDU0LTY0ZDQ1NDYxOWZmMGUtYzY1NzBlMWItYTY5NmEwMjQ","metadata":{"@type":"type.googleapis.com/google.cloud.functions.v1.OperationMetadataV1","target":"projects/flowpulse-698a3/locations/us-central1/functions/dailyAggregation","updateTime":"2026-03-18T04:56:24.859571784Z"}}
[debug] [2026-03-18T04:56:26.022Z] [create-default-us-central1-dailyAggregation] Retrying task index 0
[debug] [2026-03-18T04:56:26.022Z] Checked if tokens are valid: true, expires at: 1773813027165
[debug] [2026-03-18T04:56:26.022Z] Checked if tokens are valid: true, expires at: 1773813027165
[debug] [2026-03-18T04:56:26.022Z] >>> [apiv2][query] GET https://cloudfunctions.googleapis.com/v1/operations/cHJvamVjdHMvZmxvd3B1bHNlLTY5OGEzL2xvY2F0aW9ucy91cy1jZW50cmFsMS9vcGVyYXRpb25zL29wZXJhdGlvbi0xNzczODA5Nzg0NDU0LTY0ZDQ1NDYxOWZmMGUtYzY1NzBlMWItYTY5NmEwMjQ [none]
[debug] [2026-03-18T04:56:26.468Z] <<< [apiv2][status] GET https://cloudfunctions.googleapis.com/v1/operations/cHJvamVjdHMvZmxvd3B1bHNlLTY5OGEzL2xvY2F0aW9ucy91cy1jZW50cmFsMS9vcGVyYXRpb25zL29wZXJhdGlvbi0xNzczODA5Nzg0NDU0LTY0ZDQ1NDYxOWZmMGUtYzY1NzBlMWItYTY5NmEwMjQ 200
[debug] [2026-03-18T04:56:26.468Z] <<< [apiv2][body] GET https://cloudfunctions.googleapis.com/v1/operations/cHJvamVjdHMvZmxvd3B1bHNlLTY5OGEzL2xvY2F0aW9ucy91cy1jZW50cmFsMS9vcGVyYXRpb25zL29wZXJhdGlvbi0xNzczODA5Nzg0NDU0LTY0ZDQ1NDYxOWZmMGUtYzY1NzBlMWItYTY5NmEwMjQ {"name":"operations/cHJvamVjdHMvZmxvd3B1bHNlLTY5OGEzL2xvY2F0aW9ucy91cy1jZW50cmFsMS9vcGVyYXRpb25zL29wZXJhdGlvbi0xNzczODA5Nzg0NDU0LTY0ZDQ1NDYxOWZmMGUtYzY1NzBlMWItYTY5NmEwMjQ","metadata":{"@type":"type.googleapis.com/google.cloud.functions.v1.OperationMetadataV1","target":"projects/flowpulse-698a3/locations/us-central1/functions/dailyAggregation","type":"CREATE_FUNCTION","request":{"@type":"type.googleapis.com/google.cloud.functions.v1.CloudFunction","name":"projects/flowpulse-698a3/locations/us-central1/functions/dailyAggregation","eventTrigger":{"eventType":"google.pubsub.topic.publish","resource":"projects/flowpulse-698a3/topics/firebase-schedule-dailyAggregation-us-central1","failurePolicy":{}},"entryPoint":"dailyAggregation","updateTime":"1970-01-01T00:00:00Z","labels":{"deployment-tool":"cli-firebase","deployment-scheduled":"true","firebase-functions-hash":"1e31943fc593bfb804c0037cf4c773d4c40956b0"},"sourceUploadUrl":"https://storage.googleapis.com/uploads-332333750617.us-central1.cloudfunctions.appspot.com/b40ccd39-7147-4d14-9424-727b471a629b.zip?GoogleAccessId=service-641591502705@gcf-admin-robot.iam.gserviceaccount.com&Expires=1773811582&Signature=De1PkdugTuV8RDMo%2Bt3ogepFYTThkYIR1fBbIt80i6b7%2BmSMlW5gcmxT5%2B4D%2BeL1wnq4%2FS2RLzcuYlKwfd%2BDXV9S6wA0piuEFi9lMW4D3BE%2BzGsZOZ8rscxmxcn9xxEIy53yzLZ6JE97rkhk6ihuO%2B3zd7GawewXnNNeS3CNO11dg%2BoRFvFNZKY4g26%2FQTvMD6Ib2c1gxdf2U4%2F%2Fp22xDjglLYn76fpD7O%2F%2FEW6S2OK7iggWqc73zl6pPJgXjb3MaqIXTkGrD9aiOShrLqKfvzAEGv2q0RNUgJl2ezW2X7fLAhfoHqVXGBpfYeUlvC7ocZW0c8P3psviqwfHYCnNwA%3D%3D","environmentVariables":{"FIREBASE_CONFIG":"{\"projectId\":\"flowpulse-698a3\",\"storageBucket\":\"flowpulse-698a3.firebasestorage.app\"}","GCLOUD_PROJECT":"flowpulse-698a3","EVENTARC_CLOUD_EVENT_SOURCE":"projects/flowpulse-698a3/locations/us-central1/functions/dailyAggregation"},"runtime":"nodejs20","buildEnvironmentVariables":{"GOOGLE_NODE_RUN_SCRIPTS":""},"dockerRegistry":"ARTIFACT_REGISTRY"},"versionId":"1","updateTime":"2026-03-18T04:56:24.859571784Z"}}
[debug] [2026-03-18T04:56:27.470Z] [create-default-us-central1-dailyAggregation] Retrying task index 0
[debug] [2026-03-18T04:56:27.473Z] Checked if tokens are valid: true, expires at: 1773813027165
[debug] [2026-03-18T04:56:27.474Z] Checked if tokens are valid: true, expires at: 1773813027165
[debug] [2026-03-18T04:56:27.474Z] >>> [apiv2][query] GET https://cloudfunctions.googleapis.com/v1/operations/cHJvamVjdHMvZmxvd3B1bHNlLTY5OGEzL2xvY2F0aW9ucy91cy1jZW50cmFsMS9vcGVyYXRpb25zL29wZXJhdGlvbi0xNzczODA5Nzg0NDU0LTY0ZDQ1NDYxOWZmMGUtYzY1NzBlMWItYTY5NmEwMjQ [none]
[debug] [2026-03-18T04:56:27.978Z] <<< [apiv2][status] GET https://cloudfunctions.googleapis.com/v1/operations/cHJvamVjdHMvZmxvd3B1bHNlLTY5OGEzL2xvY2F0aW9ucy91cy1jZW50cmFsMS9vcGVyYXRpb25zL29wZXJhdGlvbi0xNzczODA5Nzg0NDU0LTY0ZDQ1NDYxOWZmMGUtYzY1NzBlMWItYTY5NmEwMjQ 200
[debug] [2026-03-18T04:56:27.979Z] <<< [apiv2][body] GET https://cloudfunctions.googleapis.com/v1/operations/cHJvamVjdHMvZmxvd3B1bHNlLTY5OGEzL2xvY2F0aW9ucy91cy1jZW50cmFsMS9vcGVyYXRpb25zL29wZXJhdGlvbi0xNzczODA5Nzg0NDU0LTY0ZDQ1NDYxOWZmMGUtYzY1NzBlMWItYTY5NmEwMjQ {"name":"operations/cHJvamVjdHMvZmxvd3B1bHNlLTY5OGEzL2xvY2F0aW9ucy91cy1jZW50cmFsMS9vcGVyYXRpb25zL29wZXJhdGlvbi0xNzczODA5Nzg0NDU0LTY0ZDQ1NDYxOWZmMGUtYzY1NzBlMWItYTY5NmEwMjQ","metadata":{"@type":"type.googleapis.com/google.cloud.functions.v1.OperationMetadataV1","target":"projects/flowpulse-698a3/locations/us-central1/functions/dailyAggregation","type":"CREATE_FUNCTION","request":{"@type":"type.googleapis.com/google.cloud.functions.v1.CloudFunction","name":"projects/flowpulse-698a3/locations/us-central1/functions/dailyAggregation","eventTrigger":{"eventType":"google.pubsub.topic.publish","resource":"projects/flowpulse-698a3/topics/firebase-schedule-dailyAggregation-us-central1","failurePolicy":{}},"entryPoint":"dailyAggregation","updateTime":"1970-01-01T00:00:00Z","labels":{"deployment-tool":"cli-firebase","deployment-scheduled":"true","firebase-functions-hash":"1e31943fc593bfb804c0037cf4c773d4c40956b0"},"sourceUploadUrl":"https://storage.googleapis.com/uploads-332333750617.us-central1.cloudfunctions.appspot.com/b40ccd39-7147-4d14-9424-727b471a629b.zip?GoogleAccessId=service-641591502705@gcf-admin-robot.iam.gserviceaccount.com&Expires=1773811582&Signature=De1PkdugTuV8RDMo%2Bt3ogepFYTThkYIR1fBbIt80i6b7%2BmSMlW5gcmxT5%2B4D%2BeL1wnq4%2FS2RLzcuYlKwfd%2BDXV9S6wA0piuEFi9lMW4D3BE%2BzGsZOZ8rscxmxcn9xxEIy53yzLZ6JE97rkhk6ihuO%2B3zd7GawewXnNNeS3CNO11dg%2BoRFvFNZKY4g26%2FQTvMD6Ib2c1gxdf2U4%2F%2Fp22xDjglLYn76fpD7O%2F%2FEW6S2OK7iggWqc73zl6pPJgXjb3MaqIXTkGrD9aiOShrLqKfvzAEGv2q0RNUgJl2ezW2X7fLAhfoHqVXGBpfYeUlvC7ocZW0c8P3psviqwfHYCnNwA%3D%3D","environmentVariables":{"FIREBASE_CONFIG":"{\"projectId\":\"flowpulse-698a3\",\"storageBucket\":\"flowpulse-698a3.firebasestorage.app\"}","GCLOUD_PROJECT":"flowpulse-698a3","EVENTARC_CLOUD_EVENT_SOURCE":"projects/flowpulse-698a3/locations/us-central1/functions/dailyAggregation"},"runtime":"nodejs20","buildEnvironmentVariables":{"GOOGLE_NODE_RUN_SCRIPTS":""},"dockerRegistry":"ARTIFACT_REGISTRY"},"versionId":"1","updateTime":"2026-03-18T04:56:24.859571784Z"}}
[debug] [2026-03-18T04:56:29.981Z] [create-default-us-central1-dailyAggregation] Retrying task index 0
[debug] [2026-03-18T04:56:29.981Z] Checked if tokens are valid: true, expires at: 1773813027165
[debug] [2026-03-18T04:56:29.981Z] Checked if tokens are valid: true, expires at: 1773813027165
[debug] [2026-03-18T04:56:29.981Z] >>> [apiv2][query] GET https://cloudfunctions.googleapis.com/v1/operations/cHJvamVjdHMvZmxvd3B1bHNlLTY5OGEzL2xvY2F0aW9ucy91cy1jZW50cmFsMS9vcGVyYXRpb25zL29wZXJhdGlvbi0xNzczODA5Nzg0NDU0LTY0ZDQ1NDYxOWZmMGUtYzY1NzBlMWItYTY5NmEwMjQ [none]
[debug] [2026-03-18T04:56:30.626Z] <<< [apiv2][status] GET https://cloudfunctions.googleapis.com/v1/operations/cHJvamVjdHMvZmxvd3B1bHNlLTY5OGEzL2xvY2F0aW9ucy91cy1jZW50cmFsMS9vcGVyYXRpb25zL29wZXJhdGlvbi0xNzczODA5Nzg0NDU0LTY0ZDQ1NDYxOWZmMGUtYzY1NzBlMWItYTY5NmEwMjQ 200
[debug] [2026-03-18T04:56:30.626Z] <<< [apiv2][body] GET https://cloudfunctions.googleapis.com/v1/operations/cHJvamVjdHMvZmxvd3B1bHNlLTY5OGEzL2xvY2F0aW9ucy91cy1jZW50cmFsMS9vcGVyYXRpb25zL29wZXJhdGlvbi0xNzczODA5Nzg0NDU0LTY0ZDQ1NDYxOWZmMGUtYzY1NzBlMWItYTY5NmEwMjQ {"name":"operations/cHJvamVjdHMvZmxvd3B1bHNlLTY5OGEzL2xvY2F0aW9ucy91cy1jZW50cmFsMS9vcGVyYXRpb25zL29wZXJhdGlvbi0xNzczODA5Nzg0NDU0LTY0ZDQ1NDYxOWZmMGUtYzY1NzBlMWItYTY5NmEwMjQ","metadata":{"@type":"type.googleapis.com/google.cloud.functions.v1.OperationMetadataV1","target":"projects/flowpulse-698a3/locations/us-central1/functions/dailyAggregation","type":"CREATE_FUNCTION","request":{"@type":"type.googleapis.com/google.cloud.functions.v1.CloudFunction","name":"projects/flowpulse-698a3/locations/us-central1/functions/dailyAggregation","eventTrigger":{"eventType":"google.pubsub.topic.publish","resource":"projects/flowpulse-698a3/topics/firebase-schedule-dailyAggregation-us-central1","failurePolicy":{}},"entryPoint":"dailyAggregation","updateTime":"1970-01-01T00:00:00Z","labels":{"deployment-tool":"cli-firebase","deployment-scheduled":"true","firebase-functions-hash":"1e31943fc593bfb804c0037cf4c773d4c40956b0"},"sourceUploadUrl":"https://storage.googleapis.com/uploads-332333750617.us-central1.cloudfunctions.appspot.com/b40ccd39-7147-4d14-9424-727b471a629b.zip?GoogleAccessId=service-641591502705@gcf-admin-robot.iam.gserviceaccount.com&Expires=1773811582&Signature=De1PkdugTuV8RDMo%2Bt3ogepFYTThkYIR1fBbIt80i6b7%2BmSMlW5gcmxT5%2B4D%2BeL1wnq4%2FS2RLzcuYlKwfd%2BDXV9S6wA0piuEFi9lMW4D3BE%2BzGsZOZ8rscxmxcn9xxEIy53yzLZ6JE97rkhk6ihuO%2B3zd7GawewXnNNeS3CNO11dg%2BoRFvFNZKY4g26%2FQTvMD6Ib2c1gxdf2U4%2F%2Fp22xDjglLYn76fpD7O%2F%2FEW6S2OK7iggWqc73zl6pPJgXjb3MaqIXTkGrD9aiOShrLqKfvzAEGv2q0RNUgJl2ezW2X7fLAhfoHqVXGBpfYeUlvC7ocZW0c8P3psviqwfHYCnNwA%3D%3D","environmentVariables":{"FIREBASE_CONFIG":"{\"projectId\":\"flowpulse-698a3\",\"storageBucket\":\"flowpulse-698a3.firebasestorage.app\"}","GCLOUD_PROJECT":"flowpulse-698a3","EVENTARC_CLOUD_EVENT_SOURCE":"projects/flowpulse-698a3/locations/us-central1/functions/dailyAggregation"},"runtime":"nodejs20","buildEnvironmentVariables":{"GOOGLE_NODE_RUN_SCRIPTS":""},"dockerRegistry":"ARTIFACT_REGISTRY"},"versionId":"1","updateTime":"2026-03-18T04:56:24.859571784Z","buildId":"15acf76f-958c-470f-9ba2-c865ed86d53f","buildName":"projects/641591502705/locations/us-central1/builds/15acf76f-958c-470f-9ba2-c865ed86d53f"}}
[debug] [2026-03-18T04:56:34.627Z] [create-default-us-central1-dailyAggregation] Retrying task index 0
[debug] [2026-03-18T04:56:34.628Z] Checked if tokens are valid: true, expires at: 1773813027165
[debug] [2026-03-18T04:56:34.628Z] Checked if tokens are valid: true, expires at: 1773813027165
[debug] [2026-03-18T04:56:34.628Z] >>> [apiv2][query] GET https://cloudfunctions.googleapis.com/v1/operations/cHJvamVjdHMvZmxvd3B1bHNlLTY5OGEzL2xvY2F0aW9ucy91cy1jZW50cmFsMS9vcGVyYXRpb25zL29wZXJhdGlvbi0xNzczODA5Nzg0NDU0LTY0ZDQ1NDYxOWZmMGUtYzY1NzBlMWItYTY5NmEwMjQ [none]
[debug] [2026-03-18T04:56:35.451Z] <<< [apiv2][status] GET https://cloudfunctions.googleapis.com/v1/operations/cHJvamVjdHMvZmxvd3B1bHNlLTY5OGEzL2xvY2F0aW9ucy91cy1jZW50cmFsMS9vcGVyYXRpb25zL29wZXJhdGlvbi0xNzczODA5Nzg0NDU0LTY0ZDQ1NDYxOWZmMGUtYzY1NzBlMWItYTY5NmEwMjQ 200
[debug] [2026-03-18T04:56:35.452Z] <<< [apiv2][body] GET https://cloudfunctions.googleapis.com/v1/operations/cHJvamVjdHMvZmxvd3B1bHNlLTY5OGEzL2xvY2F0aW9ucy91cy1jZW50cmFsMS9vcGVyYXRpb25zL29wZXJhdGlvbi0xNzczODA5Nzg0NDU0LTY0ZDQ1NDYxOWZmMGUtYzY1NzBlMWItYTY5NmEwMjQ {"name":"operations/cHJvamVjdHMvZmxvd3B1bHNlLTY5OGEzL2xvY2F0aW9ucy91cy1jZW50cmFsMS9vcGVyYXRpb25zL29wZXJhdGlvbi0xNzczODA5Nzg0NDU0LTY0ZDQ1NDYxOWZmMGUtYzY1NzBlMWItYTY5NmEwMjQ","metadata":{"@type":"type.googleapis.com/google.cloud.functions.v1.OperationMetadataV1","target":"projects/flowpulse-698a3/locations/us-central1/functions/dailyAggregation","type":"CREATE_FUNCTION","request":{"@type":"type.googleapis.com/google.cloud.functions.v1.CloudFunction","name":"projects/flowpulse-698a3/locations/us-central1/functions/dailyAggregation","eventTrigger":{"eventType":"google.pubsub.topic.publish","resource":"projects/flowpulse-698a3/topics/firebase-schedule-dailyAggregation-us-central1","failurePolicy":{}},"entryPoint":"dailyAggregation","updateTime":"1970-01-01T00:00:00Z","labels":{"deployment-tool":"cli-firebase","deployment-scheduled":"true","firebase-functions-hash":"1e31943fc593bfb804c0037cf4c773d4c40956b0"},"sourceUploadUrl":"https://storage.googleapis.com/uploads-332333750617.us-central1.cloudfunctions.appspot.com/b40ccd39-7147-4d14-9424-727b471a629b.zip?GoogleAccessId=service-641591502705@gcf-admin-robot.iam.gserviceaccount.com&Expires=1773811582&Signature=De1PkdugTuV8RDMo%2Bt3ogepFYTThkYIR1fBbIt80i6b7%2BmSMlW5gcmxT5%2B4D%2BeL1wnq4%2FS2RLzcuYlKwfd%2BDXV9S6wA0piuEFi9lMW4D3BE%2BzGsZOZ8rscxmxcn9xxEIy53yzLZ6JE97rkhk6ihuO%2B3zd7GawewXnNNeS3CNO11dg%2BoRFvFNZKY4g26%2FQTvMD6Ib2c1gxdf2U4%2F%2Fp22xDjglLYn76fpD7O%2F%2FEW6S2OK7iggWqc73zl6pPJgXjb3MaqIXTkGrD9aiOShrLqKfvzAEGv2q0RNUgJl2ezW2X7fLAhfoHqVXGBpfYeUlvC7ocZW0c8P3psviqwfHYCnNwA%3D%3D","environmentVariables":{"FIREBASE_CONFIG":"{\"projectId\":\"flowpulse-698a3\",\"storageBucket\":\"flowpulse-698a3.firebasestorage.app\"}","GCLOUD_PROJECT":"flowpulse-698a3","EVENTARC_CLOUD_EVENT_SOURCE":"projects/flowpulse-698a3/locations/us-central1/functions/dailyAggregation"},"runtime":"nodejs20","buildEnvironmentVariables":{"GOOGLE_NODE_RUN_SCRIPTS":""},"dockerRegistry":"ARTIFACT_REGISTRY"},"versionId":"1","updateTime":"2026-03-18T04:56:24.859571784Z","buildId":"15acf76f-958c-470f-9ba2-c865ed86d53f","buildName":"projects/641591502705/locations/us-central1/builds/15acf76f-958c-470f-9ba2-c865ed86d53f"}}
